{"/Users/paytontaylor/Desktop/springboard/javascript/node/40/biztime/ExpressError.js": {"path":"/Users/paytontaylor/Desktop/springboard/javascript/node/40/biztime/ExpressError.js","statementMap":{"0":{"start":{"line":3,"column":4},"end":{"line":3,"column":12}},"1":{"start":{"line":4,"column":4},"end":{"line":4,"column":19}},"2":{"start":{"line":5,"column":4},"end":{"line":5,"column":25}},"3":{"start":{"line":6,"column":4},"end":{"line":6,"column":28}},"4":{"start":{"line":10,"column":0},"end":{"line":10,"column":30}}},"fnMap":{"0":{"name":"(anonymous_0)","decl":{"start":{"line":2,"column":2},"end":{"line":2,"column":3}},"loc":{"start":{"line":2,"column":26},"end":{"line":7,"column":3}},"line":2}},"branchMap":{},"s":{"0":0,"1":0,"2":0,"3":0,"4":2},"f":{"0":0},"b":{},"_coverageSchema":"1a1c01bbd47fc00a2c39e90264f33305004495a9","hash":"a305ad47e403af834fdd9ac54b053d2cbc59102d"}
,"/Users/paytontaylor/Desktop/springboard/javascript/node/40/biztime/app.js": {"path":"/Users/paytontaylor/Desktop/springboard/javascript/node/40/biztime/app.js","statementMap":{"0":{"start":{"line":1,"column":16},"end":{"line":1,"column":34}},"1":{"start":{"line":2,"column":21},"end":{"line":2,"column":46}},"2":{"start":{"line":3,"column":24},"end":{"line":3,"column":69}},"3":{"start":{"line":4,"column":23},"end":{"line":4,"column":66}},"4":{"start":{"line":6,"column":12},"end":{"line":6,"column":21}},"5":{"start":{"line":8,"column":0},"end":{"line":8,"column":24}},"6":{"start":{"line":9,"column":0},"end":{"line":9,"column":39}},"7":{"start":{"line":10,"column":0},"end":{"line":10,"column":37}},"8":{"start":{"line":12,"column":0},"end":{"line":15,"column":3}},"9":{"start":{"line":13,"column":16},"end":{"line":13,"column":50}},"10":{"start":{"line":14,"column":2},"end":{"line":14,"column":21}},"11":{"start":{"line":17,"column":0},"end":{"line":22,"column":2}},"12":{"start":{"line":18,"column":2},"end":{"line":18,"column":32}},"13":{"start":{"line":19,"column":2},"end":{"line":21,"column":4}},"14":{"start":{"line":24,"column":0},"end":{"line":24,"column":21}}},"fnMap":{"0":{"name":"(anonymous_0)","decl":{"start":{"line":12,"column":8},"end":{"line":12,"column":9}},"loc":{"start":{"line":12,"column":26},"end":{"line":15,"column":1}},"line":12},"1":{"name":"(anonymous_1)","decl":{"start":{"line":17,"column":8},"end":{"line":17,"column":9}},"loc":{"start":{"line":17,"column":33},"end":{"line":22,"column":1}},"line":17}},"branchMap":{"0":{"loc":{"start":{"line":18,"column":13},"end":{"line":18,"column":30}},"type":"binary-expr","locations":[{"start":{"line":18,"column":13},"end":{"line":18,"column":23}},{"start":{"line":18,"column":27},"end":{"line":18,"column":30}}],"line":18}},"s":{"0":2,"1":2,"2":2,"3":2,"4":2,"5":2,"6":2,"7":2,"8":2,"9":0,"10":0,"11":2,"12":0,"13":0,"14":2},"f":{"0":0,"1":0},"b":{"0":[0,0]},"_coverageSchema":"1a1c01bbd47fc00a2c39e90264f33305004495a9","hash":"bf7a19bf18a82f720af6e94eaba2fefac8b51d18"}
,"/Users/paytontaylor/Desktop/springboard/javascript/node/40/biztime/db.js": {"path":"/Users/paytontaylor/Desktop/springboard/javascript/node/40/biztime/db.js","statementMap":{"0":{"start":{"line":1,"column":19},"end":{"line":1,"column":32}},"1":{"start":{"line":5,"column":0},"end":{"line":9,"column":1}},"2":{"start":{"line":6,"column":2},"end":{"line":6,"column":39}},"3":{"start":{"line":8,"column":2},"end":{"line":8,"column":34}},"4":{"start":{"line":11,"column":9},"end":{"line":13,"column":2}},"5":{"start":{"line":15,"column":0},"end":{"line":15,"column":13}},"6":{"start":{"line":17,"column":0},"end":{"line":17,"column":20}}},"fnMap":{},"branchMap":{"0":{"loc":{"start":{"line":5,"column":0},"end":{"line":9,"column":1}},"type":"if","locations":[{"start":{"line":5,"column":0},"end":{"line":9,"column":1}},{"start":{"line":7,"column":7},"end":{"line":9,"column":1}}],"line":5}},"s":{"0":2,"1":2,"2":2,"3":0,"4":2,"5":2,"6":2},"f":{},"b":{"0":[2,0]},"_coverageSchema":"1a1c01bbd47fc00a2c39e90264f33305004495a9","hash":"a75f3dc3847b110d2c8281b0f1a7b046c01e71da"}
,"/Users/paytontaylor/Desktop/springboard/javascript/node/40/biztime/routes/companies/companiesRoutes.js": {"path":"/Users/paytontaylor/Desktop/springboard/javascript/node/40/biztime/routes/companies/companiesRoutes.js","statementMap":{"0":{"start":{"line":1,"column":16},"end":{"line":1,"column":34}},"1":{"start":{"line":2,"column":21},"end":{"line":2,"column":50}},"2":{"start":{"line":3,"column":15},"end":{"line":3,"column":35}},"3":{"start":{"line":4,"column":11},"end":{"line":4,"column":30}},"4":{"start":{"line":6,"column":0},"end":{"line":9,"column":3}},"5":{"start":{"line":7,"column":17},"end":{"line":7,"column":58}},"6":{"start":{"line":8,"column":2},"end":{"line":8,"column":43}},"7":{"start":{"line":11,"column":0},"end":{"line":21,"column":3}},"8":{"start":{"line":12,"column":2},"end":{"line":20,"column":3}},"9":{"start":{"line":13,"column":26},"end":{"line":13,"column":100}},"10":{"start":{"line":14,"column":4},"end":{"line":14,"column":90}},"11":{"start":{"line":14,"column":41},"end":{"line":14,"column":90}},"12":{"start":{"line":15,"column":40},"end":{"line":15,"column":61}},"13":{"start":{"line":16,"column":26},"end":{"line":16,"column":104}},"14":{"start":{"line":17,"column":4},"end":{"line":17,"column":90}},"15":{"start":{"line":19,"column":4},"end":{"line":19,"column":21}},"16":{"start":{"line":23,"column":0},"end":{"line":27,"column":3}},"17":{"start":{"line":24,"column":38},"end":{"line":24,"column":46}},"18":{"start":{"line":25,"column":17},"end":{"line":25,"column":163}},"19":{"start":{"line":26,"column":2},"end":{"line":26,"column":56}},"20":{"start":{"line":29,"column":0},"end":{"line":38,"column":3}},"21":{"start":{"line":30,"column":2},"end":{"line":37,"column":3}},"22":{"start":{"line":31,"column":34},"end":{"line":31,"column":42}},"23":{"start":{"line":32,"column":19},"end":{"line":32,"column":167}},"24":{"start":{"line":33,"column":4},"end":{"line":33,"column":83}},"25":{"start":{"line":33,"column":34},"end":{"line":33,"column":83}},"26":{"start":{"line":34,"column":4},"end":{"line":34,"column":46}},"27":{"start":{"line":36,"column":4},"end":{"line":36,"column":20}},"28":{"start":{"line":40,"column":0},"end":{"line":47,"column":3}},"29":{"start":{"line":41,"column":2},"end":{"line":46,"column":3}},"30":{"start":{"line":42,"column":19},"end":{"line":42,"column":91}},"31":{"start":{"line":43,"column":4},"end":{"line":43,"column":54}},"32":{"start":{"line":45,"column":4},"end":{"line":45,"column":20}},"33":{"start":{"line":49,"column":0},"end":{"line":49,"column":24}}},"fnMap":{"0":{"name":"(anonymous_0)","decl":{"start":{"line":6,"column":16},"end":{"line":6,"column":17}},"loc":{"start":{"line":6,"column":42},"end":{"line":9,"column":1}},"line":6},"1":{"name":"(anonymous_1)","decl":{"start":{"line":11,"column":21},"end":{"line":11,"column":22}},"loc":{"start":{"line":11,"column":46},"end":{"line":21,"column":1}},"line":11},"2":{"name":"(anonymous_2)","decl":{"start":{"line":23,"column":17},"end":{"line":23,"column":18}},"loc":{"start":{"line":23,"column":43},"end":{"line":27,"column":1}},"line":23},"3":{"name":"(anonymous_3)","decl":{"start":{"line":29,"column":21},"end":{"line":29,"column":22}},"loc":{"start":{"line":29,"column":47},"end":{"line":38,"column":1}},"line":29},"4":{"name":"(anonymous_4)","decl":{"start":{"line":40,"column":24},"end":{"line":40,"column":25}},"loc":{"start":{"line":40,"column":50},"end":{"line":47,"column":1}},"line":40}},"branchMap":{"0":{"loc":{"start":{"line":14,"column":4},"end":{"line":14,"column":90}},"type":"if","locations":[{"start":{"line":14,"column":4},"end":{"line":14,"column":90}},{"start":{},"end":{}}],"line":14},"1":{"loc":{"start":{"line":33,"column":4},"end":{"line":33,"column":83}},"type":"if","locations":[{"start":{"line":33,"column":4},"end":{"line":33,"column":83}},{"start":{},"end":{}}],"line":33}},"s":{"0":2,"1":2,"2":2,"3":2,"4":2,"5":1,"6":1,"7":2,"8":1,"9":1,"10":1,"11":0,"12":1,"13":1,"14":1,"15":0,"16":2,"17":1,"18":1,"19":1,"20":2,"21":1,"22":1,"23":1,"24":1,"25":0,"26":1,"27":0,"28":2,"29":1,"30":1,"31":1,"32":0,"33":2},"f":{"0":1,"1":1,"2":1,"3":1,"4":1},"b":{"0":[0,1],"1":[0,1]},"_coverageSchema":"1a1c01bbd47fc00a2c39e90264f33305004495a9","hash":"8e0a9ad1bb2420ed1a71594a0b990c0a416c55ec"}
,"/Users/paytontaylor/Desktop/springboard/javascript/node/40/biztime/routes/invoices/invoicesRoutes.js": {"path":"/Users/paytontaylor/Desktop/springboard/javascript/node/40/biztime/routes/invoices/invoicesRoutes.js","statementMap":{"0":{"start":{"line":1,"column":16},"end":{"line":1,"column":34}},"1":{"start":{"line":2,"column":15},"end":{"line":2,"column":31}},"2":{"start":{"line":3,"column":21},"end":{"line":3,"column":50}},"3":{"start":{"line":4,"column":11},"end":{"line":4,"column":30}},"4":{"start":{"line":6,"column":0},"end":{"line":9,"column":3}},"5":{"start":{"line":7,"column":17},"end":{"line":7,"column":57}},"6":{"start":{"line":8,"column":2},"end":{"line":8,"column":42}},"7":{"start":{"line":11,"column":0},"end":{"line":22,"column":3}},"8":{"start":{"line":12,"column":2},"end":{"line":21,"column":3}},"9":{"start":{"line":13,"column":19},"end":{"line":13,"column":87}},"10":{"start":{"line":14,"column":62},"end":{"line":14,"column":76}},"11":{"start":{"line":15,"column":20},"end":{"line":15,"column":88}},"12":{"start":{"line":17,"column":4},"end":{"line":17,"column":83}},"13":{"start":{"line":17,"column":34},"end":{"line":17,"column":83}},"14":{"start":{"line":18,"column":4},"end":{"line":18,"column":95}},"15":{"start":{"line":20,"column":4},"end":{"line":20,"column":20}},"16":{"start":{"line":24,"column":0},"end":{"line":28,"column":3}},"17":{"start":{"line":25,"column":29},"end":{"line":25,"column":37}},"18":{"start":{"line":26,"column":17},"end":{"line":26,"column":162}},"19":{"start":{"line":27,"column":2},"end":{"line":27,"column":57}},"20":{"start":{"line":30,"column":0},"end":{"line":39,"column":3}},"21":{"start":{"line":31,"column":2},"end":{"line":38,"column":3}},"22":{"start":{"line":32,"column":20},"end":{"line":32,"column":28}},"23":{"start":{"line":33,"column":19},"end":{"line":33,"column":153}},"24":{"start":{"line":34,"column":4},"end":{"line":34,"column":83}},"25":{"start":{"line":34,"column":34},"end":{"line":34,"column":83}},"26":{"start":{"line":35,"column":4},"end":{"line":35,"column":46}},"27":{"start":{"line":37,"column":4},"end":{"line":37,"column":20}},"28":{"start":{"line":41,"column":0},"end":{"line":44,"column":2}},"29":{"start":{"line":42,"column":17},"end":{"line":42,"column":78}},"30":{"start":{"line":43,"column":2},"end":{"line":43,"column":39}},"31":{"start":{"line":46,"column":0},"end":{"line":46,"column":24}}},"fnMap":{"0":{"name":"(anonymous_0)","decl":{"start":{"line":6,"column":16},"end":{"line":6,"column":17}},"loc":{"start":{"line":6,"column":42},"end":{"line":9,"column":1}},"line":6},"1":{"name":"(anonymous_1)","decl":{"start":{"line":11,"column":19},"end":{"line":11,"column":20}},"loc":{"start":{"line":11,"column":45},"end":{"line":22,"column":1}},"line":11},"2":{"name":"(anonymous_2)","decl":{"start":{"line":24,"column":17},"end":{"line":24,"column":18}},"loc":{"start":{"line":24,"column":43},"end":{"line":28,"column":1}},"line":24},"3":{"name":"(anonymous_3)","decl":{"start":{"line":30,"column":19},"end":{"line":30,"column":20}},"loc":{"start":{"line":30,"column":44},"end":{"line":39,"column":1}},"line":30},"4":{"name":"(anonymous_4)","decl":{"start":{"line":41,"column":22},"end":{"line":41,"column":23}},"loc":{"start":{"line":41,"column":48},"end":{"line":44,"column":1}},"line":41}},"branchMap":{"0":{"loc":{"start":{"line":17,"column":4},"end":{"line":17,"column":83}},"type":"if","locations":[{"start":{"line":17,"column":4},"end":{"line":17,"column":83}},{"start":{},"end":{}}],"line":17},"1":{"loc":{"start":{"line":34,"column":4},"end":{"line":34,"column":83}},"type":"if","locations":[{"start":{"line":34,"column":4},"end":{"line":34,"column":83}},{"start":{},"end":{}}],"line":34}},"s":{"0":2,"1":2,"2":2,"3":2,"4":2,"5":1,"6":1,"7":2,"8":1,"9":1,"10":1,"11":1,"12":1,"13":0,"14":1,"15":0,"16":2,"17":1,"18":1,"19":1,"20":2,"21":1,"22":1,"23":1,"24":1,"25":0,"26":1,"27":0,"28":2,"29":1,"30":1,"31":2},"f":{"0":1,"1":1,"2":1,"3":1,"4":1},"b":{"0":[0,1],"1":[0,1]},"_coverageSchema":"1a1c01bbd47fc00a2c39e90264f33305004495a9","hash":"84ba41f14a2bde140a65098fc6bd7f6d35a77f1b"}
}
